<?xml version="1.0" encoding="UTF-8"?>
<!-- Generated by org.testng.reporters.JUnitXMLReporter -->
<testsuite ignored="0" hostname="DESKTOP-LAPF9E7" failures="0" tests="1" name="Test-Runner-2" time="59.523" errors="0" timestamp="2023-08-31T14:49:43 IST">
  <testcase classname="vtiger.ContactTests.CreateContactWithOrganizationTest" name="createContactWithOrganizationTest" time="35.356"/>
</testsuite> <!-- Test-Runner-2 -->
