<?xml version="1.0" encoding="UTF-8"?>
<!-- Generated by org.testng.reporters.JUnitXMLReporter -->
<testsuite ignored="0" hostname="DESKTOP-LAPF9E7" failures="0" tests="2" name="Test-Runner-1" time="55.38" errors="0" timestamp="2023-08-31T14:49:39 IST">
  <testcase classname="vtiger.OrganizationTests.CreateOrgWithIndustryTest" name="createOrgWithIndustryTest" time="17.37"/>
  <testcase classname="vtiger.OrganizationTests.CreateOrgWithIndustryTest" name="demo" time="0.006"/>
</testsuite> <!-- Test-Runner-1 -->
