<?xml version="1.0" encoding="UTF-8"?>
<!-- Generated by org.testng.reporters.JUnitXMLReporter -->
<testsuite ignored="0" hostname="DESKTOP-LAPF9E7" failures="0" tests="1" name="Test-runner-chrome" time="67.252" errors="0" timestamp="2023-08-31T15:20:59 IST">
  <testcase classname="vtiger.ContactTests.CreateContactWithOrganizationTest" name="createContactWithOrganizationTest" time="34.374"/>
</testsuite> <!-- Test-runner-chrome -->
