<?xml version="1.0" encoding="UTF-8"?>
<!-- Generated by org.testng.reporters.JUnitReportReporter -->
<testsuite hostname="DESKTOP-LAPF9E7" failures="0" tests="2" name="vtiger.OrganizationTests.CreateOrgWithIndustryTest" time="61.847" errors="0" timestamp="2023-09-15T16:06:26 IST" skipped="0">
  <testcase classname="vtiger.OrganizationTests.CreateOrgWithIndustryTest" name="createOrgWithIndustryTest" time="49.044"/>
  <system-out/>
  <testcase classname="vtiger.OrganizationTests.CreateOrgWithIndustryTest" name="demo" time="12.803"/>
  <system-out/>
</testsuite> <!-- vtiger.OrganizationTests.CreateOrgWithIndustryTest -->
