<?xml version="1.0" encoding="UTF-8"?>
<!-- Generated by org.testng.reporters.JUnitReportReporter -->
<testsuite hostname="DESKTOP-LAPF9E7" failures="0" tests="2" name="vtiger.ContactTests.CreateContactWithOrganizationTest" time="58.024" errors="0" timestamp="2023-09-15T16:06:27 IST" skipped="0">
  <testcase classname="vtiger.ContactTests.CreateContactWithOrganizationTest" name="createContactWithOrganizationTest" time="45.090"/>
  <system-out>
    <![CDATA[Clicked on Organizations Link
Clicked on Organizations Lookup Image
Organizations Created
Clicked on Contacts Link
Clicked on Contacts Lookup Image
Contact created]]>
  </system-out>
  <testcase classname="vtiger.ContactTests.CreateContactWithOrganizationTest" name="demo" time="12.934"/>
  <system-out/>
</testsuite> <!-- vtiger.ContactTests.CreateContactWithOrganizationTest -->
