<?xml version="1.0" encoding="UTF-8"?>
<!-- Generated by org.testng.reporters.JUnitReportReporter -->
<testsuite hostname="DESKTOP-LAPF9E7" failures="0" tests="1" name="vtiger.practice.BaseClassPractice" time="0.070" errors="0" timestamp="2023-08-24T14:31:51 IST" skipped="0">
  <testcase classname="vtiger.practice.BaseClassPractice" name="test" time="0.070"/>
  <system-out/>
</testsuite> <!-- vtiger.practice.BaseClassPractice -->
