<?xml version="1.0" encoding="UTF-8"?>
<!-- Generated by org.testng.reporters.JUnitReportReporter -->
<testsuite hostname="DESKTOP-LAPF9E7" failures="0" tests="4" name="vtiger.practice.DataProviderPractice" time="0.051" errors="0" timestamp="2023-08-22T15:49:31 IST" skipped="0">
  <testcase classname="vtiger.practice.DataProviderPractice" name="addProductToCart" time="0.003"/>
  <system-out/>
  <testcase classname="vtiger.practice.DataProviderPractice" name="addProductToCart" time="0.007"/>
  <system-out/>
  <testcase classname="vtiger.practice.DataProviderPractice" name="addProductToCart" time="0.004"/>
  <system-out/>
  <testcase classname="vtiger.practice.DataProviderPractice" name="addProductToCart" time="0.037"/>
  <system-out/>
</testsuite> <!-- vtiger.practice.DataProviderPractice -->
